06-27-2024 00:29:18.350 | Device ID : PCI\VEN_10DE&DEV_2786&SUBSYS_88ED1043&REV_A1\4&1B0A8E16&0&0008
06-27-2024 00:29:18.366 | Device ID : USB\VID_05E3&PID_0610\5&2AF8BBA2&0&10
06-27-2024 00:29:18.456 | Device ID : PCI\VEN_8086&DEV_7A3A&SUBSYS_7D991462&REV_11\3&11583659&0&E2
06-27-2024 00:29:18.468 | Device ID : PCI\VEN_8086&DEV_7A38&SUBSYS_00000000&REV_11\3&11583659&0&E0
06-27-2024 00:29:18.485 | Device ID : PCI\VEN_8086&DEV_460D&SUBSYS_7D991462&REV_02\3&11583659&0&08
06-27-2024 00:29:18.591 | Device ID : HDAUDIO\FUNC_01&VEN_10DE&DEV_00A5&SUBSYS_104388ED&REV_1001\5&4EF7258&0&0001
06-27-2024 00:29:18.792 | Device ID : PCI\VEN_8086&DEV_4648&SUBSYS_7D991462&REV_02\3&11583659&0&00
06-27-2024 00:29:18.839 | Device ID : USB\VID_8087&PID_0033\5&2AF8BBA2&0&14
06-27-2024 00:29:18.878 | Device ID : USB\VID_1A2C&PID_4C5E&MI_01\6&2EACD870&0&0001
06-27-2024 00:29:19.043 | Device ID : USB\VID_346D&PID_5678\0610991153946638039
06-27-2024 00:29:19.238 | Device ID : PCI\VEN_8086&DEV_467D&SUBSYS_00000000&REV_01\3&11583659&0&50
06-27-2024 00:29:19.317 | Device ID : PCI\VEN_1CC1&DEV_622A&SUBSYS_622A1CC1&REV_03\4&97A1985&0&0030
06-27-2024 00:29:19.364 | Device ID : SCSI\DISK&VEN_&PROD_ST2000DM008-2UB1\4&2F4BAA2A&0&070000
06-27-2024 00:29:19.394 | Device ID : PCI\VEN_8086&DEV_464D&SUBSYS_00000000&REV_02\3&11583659&0&30
06-27-2024 00:29:19.414 | Device ID : PCI\VEN_8086&DEV_7A24&SUBSYS_7D991462&REV_11\3&11583659&0&FD
06-27-2024 00:29:19.816 | Device ID : SCSI\DISK&VEN_NVME&PROD_ADATA_LEGEND_960\5&21D7404&0&000000
06-27-2024 00:29:19.878 | Device ID : DISPLAY\ACI19E4\5&33F6980B&0&UID0
06-27-2024 00:29:20.238 | Device ID : USB\VID_05E3&PID_0608\5&2AF8BBA2&0&11
06-27-2024 00:29:20.269 | Device ID : HDAUDIO\FUNC_01&VEN_10EC&DEV_0897&SUBSYS_1462ED99&REV_1004\4&33CE0CD&0&0001
06-27-2024 00:29:20.410 | Device ID : PCI\VEN_8086&DEV_7A60&SUBSYS_7D991462&REV_11\3&11583659&0&A0
06-27-2024 00:29:20.457 | Device ID : PCI\VEN_10DE&DEV_22BC&SUBSYS_88ED1043&REV_A1\4&1B0A8E16&0&0108
06-27-2024 00:29:20.566 | Device ID : PCI\VEN_8086&DEV_7A68&SUBSYS_7D991462&REV_11\3&11583659&0&B0
06-27-2024 00:29:20.675 | Device ID : USB\ROOT_HUB30\4&11FD050C&0&0
06-27-2024 00:29:20.863 | Device ID : USB\VID_30FA&PID_0400\5&2AF8BBA2&0&5
06-27-2024 00:29:21.006 | Device ID : PCI\VEN_10EC&DEV_8125&SUBSYS_7D991462&REV_05\01000000684CE00000
06-27-2024 00:29:21.104 | Device ID : PCI\VEN_8086&DEV_7A50&SUBSYS_ED991462&REV_11\3&11583659&0&FB
06-27-2024 00:29:21.134 | Device ID : PCI\VEN_8086&DEV_7A23&SUBSYS_7D991462&REV_11\3&11583659&0&FC
06-27-2024 00:29:21.273 | Device ID : PCI\VEN_8086&DEV_7A62&SUBSYS_7D991462&REV_11\3&11583659&0&B8
06-27-2024 00:29:21.356 | Device ID : PCI\VEN_8086&DEV_7A06&SUBSYS_7D991462&REV_11\3&11583659&0&F8
06-27-2024 00:29:27.084 | Device ID : USB\VID_1462&PID_7D99\7D9923042005
06-27-2024 00:29:27.209 | Device ID : USB\VID_1A2C&PID_4C5E&MI_00\6&2EACD870&0&0000
06-27-2024 00:29:27.240 | Device ID : PCI\VEN_8086&DEV_464F&SUBSYS_7D991462&REV_02\3&11583659&0&40
06-27-2024 00:29:27.365 | Device ID : PCI\VEN_8086&DEV_7A70&SUBSYS_00948086&REV_11\3&11583659&0&A3
06-27-2024 00:29:27.381 | Device ID : USB\VID_1A2C&PID_4C5E\5&2AF8BBA2&0&6
06-27-2024 00:29:27.428 | Device ID : PCI\VEN_8086&DEV_7A27&SUBSYS_00000000&REV_11\3&11583659&0&A2
06-27-2024 00:29:27.490 | Device ID : USB\VID_05E3&PID_0620\5&2AF8BBA2&0&26
